{"failedCount":1,"prefixedPath":"src\/test\/java\/Test.feature","packageQualifiedName":"src.test.java.Test","loopIndex":-1,"relativePath":"src\/test\/java\/Test.feature","scenarioResults":[{"sectionIndex":0,"stepResults":[{"result":{"nanos":48811100,"millis":48.8111,"status":"passed"},"step":{"line":3,"prefix":"Given","index":0,"text":"url \"https:\/\/fakerestapi.azurewebsites.net\/api\/v1\/Activities\""}},{"result":{"nanos":14521800,"errorMessage":"js failed:\n>>>>\n01: method\\h+\\w+ GET\n<<<<\norg.graalvm.polyglot.PolyglotException: SyntaxError: Unnamed:1:6 Expected ; but found error\r\nmethod\\h+\\w+ GET\r\n      ^\n\n- org.graalvm.polyglot.Context.eval(Context.java:401)\n- com.intuit.karate.graal.JsEngine.evalForValue(JsEngine.java:141)\n- com.intuit.karate.graal.JsEngine.eval(JsEngine.java:137)\n- com.intuit.karate.core.ScenarioEngine.evalJs(ScenarioEngine.java:1340)\n- com.intuit.karate.ScenarioActions.eval(ScenarioActions.java:388)\n- java.base\/jdk.internal.reflect.NativeMethodAccessorImpl.invoke0(Native Method)\n- java.base\/jdk.internal.reflect.NativeMethodAccessorImpl.invoke(NativeMethodAccessorImpl.java:62)\n\nsrc\/test\/java\/Test.feature:4","millis":14.5218,"status":"failed"},"step":{"line":4,"prefix":"When","index":1,"text":"method\\h+\\w+ GET"},"stepLog":"16:44:19.107 src\/test\/java\/Test.feature:4\nWhen method\\h+\\w+ GET\njs failed:\n>>>>\n01: method\\h+\\w+ GET\n<<<<\norg.graalvm.polyglot.PolyglotException: SyntaxError: Unnamed:1:6 Expected ; but found error\r\nmethod\\h+\\w+ GET\r\n      ^\n\n- org.graalvm.polyglot.Context.eval(Context.java:401)\n- com.intuit.karate.graal.JsEngine.evalForValue(JsEngine.java:141)\n- com.intuit.karate.graal.JsEngine.eval(JsEngine.java:137)\n- com.intuit.karate.core.ScenarioEngine.evalJs(ScenarioEngine.java:1340)\n- com.intuit.karate.ScenarioActions.eval(ScenarioActions.java:388)\n- java.base\/jdk.internal.reflect.NativeMethodAccessorImpl.invoke0(Native Method)\n- java.base\/jdk.internal.reflect.NativeMethodAccessorImpl.invoke(NativeMethodAccessorImpl.java:62)\n\nsrc\/test\/java\/Test.feature:4\n"},{"result":{"nanos":0,"millis":0.0,"status":"skipped"},"step":{"line":5,"prefix":"Then","index":2,"text":"status\\h+200"}}],"line":2,"description":"","durationMillis":63.3329,"failed":true,"error":"js failed:\n>>>>\n01: method\\h+\\w+ GET\n<<<<\norg.graalvm.polyglot.PolyglotException: SyntaxError: Unnamed:1:6 Expected ; but found error\r\nmethod\\h+\\w+ GET\r\n      ^\n\n- org.graalvm.polyglot.Context.eval(Context.java:401)\n- com.intuit.karate.graal.JsEngine.evalForValue(JsEngine.java:141)\n- com.intuit.karate.graal.JsEngine.eval(JsEngine.java:137)\n- com.intuit.karate.core.ScenarioEngine.evalJs(ScenarioEngine.java:1340)\n- com.intuit.karate.ScenarioActions.eval(ScenarioActions.java:388)\n- java.base\/jdk.internal.reflect.NativeMethodAccessorImpl.invoke0(Native Method)\n- java.base\/jdk.internal.reflect.NativeMethodAccessorImpl.invoke(NativeMethodAccessorImpl.java:62)\n\nsrc\/test\/java\/Test.feature:4","executorName":"main","name":"Test for PokeAPI","startTime":1646261059034,"refId":"[1:2]","endTime":1646261059107,"exampleIndex":-1}],"callDepth":0,"name":"1st API Test","description":"","resultDate":"2022-03-02 04:44:19 p. m.","durationMillis":63.3329,"passedCount":0}